# JRE version: OpenJDK Runtime Environment (8.0_252-b09) (build 1.8.0_252-8u252-b09-1~18.04-b09)
# Java VM: OpenJDK 64-Bit Server VM (25.252-b09 mixed mode linux-amd64 compressed oops)
Heap:
 PSYoungGen      total 18432K, used 18305K [0x00000000eb780000, 0x00000000edb80000, 0x0000000100000000)
  eden space 15872K, 99% used [0x00000000eb780000,0x00000000ec6e20b8,0x00000000ec700000)
  from space 2560K, 99% used [0x00000000ec980000,0x00000000ecbfe430,0x00000000ecc00000)
  to   space 2560K, 0% used [0x00000000ec700000,0x00000000ec700000,0x00000000ec980000)
 ParOldGen       total 42496K, used 1537K [0x00000000c2600000, 0x00000000c4f80000, 0x00000000eb780000)
  object space 42496K, 3% used [0x00000000c2600000,0x00000000c2780790,0x00000000c4f80000)
 Metaspace       used 12046K, capacity 12214K, committed 12416K, reserved 1060864K
  class space    used 1214K, capacity 1293K, committed 1408K, reserved 1048576K
GC Heap History (4 events):
Event: 1,695 GC heap before
{Heap before GC invocations=1 (full 0):
 PSYoungGen      total 18432K, used 15872K [0x00000000eb780000, 0x00000000ecc00000, 0x0000000100000000)
  eden space 15872K, 100% used [0x00000000eb780000,0x00000000ec700000,0x00000000ec700000)
  from space 2560K, 0% used [0x00000000ec980000,0x00000000ec980000,0x00000000ecc00000)
  to   space 2560K, 0% used [0x00000000ec700000,0x00000000ec700000,0x00000000ec980000)
 ParOldGen       total 42496K, used 0K [0x00000000c2600000, 0x00000000c4f80000, 0x00000000eb780000)
  object space 42496K, 0% used [0x00000000c2600000,0x00000000c2600000,0x00000000c4f80000)
 Metaspace       used 7126K, capacity 7246K, committed 7424K, reserved 1056768K
  class space    used 684K, capacity 689K, committed 768K, reserved 1048576K
Event: 1,705 GC heap after
Heap after GC invocations=1 (full 0):
 PSYoungGen      total 18432K, used 1939K [0x00000000eb780000, 0x00000000ecc00000, 0x0000000100000000)
  eden space 15872K, 0% used [0x00000000eb780000,0x00000000eb780000,0x00000000ec700000)
  from space 2560K, 75% used [0x00000000ec700000,0x00000000ec8e4f78,0x00000000ec980000)
  to   space 2560K, 0% used [0x00000000ec980000,0x00000000ec980000,0x00000000ecc00000)
 ParOldGen       total 42496K, used 8K [0x00000000c2600000, 0x00000000c4f80000, 0x00000000eb780000)
  object space 42496K, 0% used [0x00000000c2600000,0x00000000c2602000,0x00000000c4f80000)
 Metaspace       used 7126K, capacity 7246K, committed 7424K, reserved 1056768K
  class space    used 684K, capacity 689K, committed 768K, reserved 1048576K
}
Event: 2,299 GC heap before
{Heap before GC invocations=2 (full 0):
 PSYoungGen      total 18432K, used 17811K [0x00000000eb780000, 0x00000000ecc00000, 0x0000000100000000)
  eden space 15872K, 100% used [0x00000000eb780000,0x00000000ec700000,0x00000000ec700000)
  from space 2560K, 75% used [0x00000000ec700000,0x00000000ec8e4f78,0x00000000ec980000)
  to   space 2560K, 0% used [0x00000000ec980000,0x00000000ec980000,0x00000000ecc00000)
 ParOldGen       total 42496K, used 8K [0x00000000c2600000, 0x00000000c4f80000, 0x00000000eb780000)
  object space 42496K, 0% used [0x00000000c2600000,0x00000000c2602000,0x00000000c4f80000)
 Metaspace       used 9049K, capacity 9188K, committed 9472K, reserved 1058816K
  class space    used 879K, capacity 925K, committed 1024K, reserved 1048576K
Event: 2,319 GC heap after
Heap after GC invocations=2 (full 0):
 PSYoungGen      total 18432K, used 2553K [0x00000000eb780000, 0x00000000edb80000, 0x0000000100000000)
  eden space 15872K, 0% used [0x00000000eb780000,0x00000000eb780000,0x00000000ec700000)
  from space 2560K, 99% used [0x00000000ec980000,0x00000000ecbfe430,0x00000000ecc00000)
  to   space 2560K, 0% used [0x00000000ec700000,0x00000000ec700000,0x00000000ec980000)
 ParOldGen       total 42496K, used 1537K [0x00000000c2600000, 0x00000000c4f80000, 0x00000000eb780000)
  object space 42496K, 3% used [0x00000000c2600000,0x00000000c2780790,0x00000000c4f80000)
 Metaspace       used 9049K, capacity 9188K, committed 9472K, reserved 1058816K
  class space    used 879K, capacity 925K, committed 1024K, reserved 1048576K
}

